KCPSM6 Assembler log file for program 'C:\Users\JESSE\Desktop\VIVADO_PRO\PICO_CORE\multi_pico_easy_go\multi_pico_easy_go\PICO_ROM_2.psm'.
Generated by KCPSM6 version v2.70
Ken Chapman - Xilinx Ltd - 16th May 2014

Assembly datestamp: 21 Aug 2017
Assembly timestamp: 14:38:25

Contents
  Assembly listing
  List of PSM files
  List of CONSTANTs
  List of TABLEs
  List of STRINGs
  List of line labels
  Instruction usage statistics


Last occupied address: 2FF hex
Nominal program memory size: 1K (1024)   address(9:0)
Actual memory size: 4096
  (Default memory size)
Occupied memory locations: 12
Memory locations available: 4084


Assembly listing

 Addr Code                   Instruction

 000                         ;==================================================
 000                         ;=============   PORTs  DEFINE   ==================
 000                         ;==================================================
 000                         ;--------------
 000                         ;System Control
 000                         ;--------------
 000                         ;OUT PORT defines
 000                         CONSTANT IN_PORT, 0'd
 000                         ;IN PORT defines
 000                         CONSTANT OUT_PORT, 0'd
 000                         ;==================================================
 000                         ;==================   PROGRAM   ===================
 000                         ;==================================================
 000          program_start: 
 000                         ;------------------
 000                         ;GLOBAL PARAMETERs(2)
 000                         ;------------------
 000  01F01                  LOAD sF, 01[1'd]
 001  01E00                  LOAD sE, 00[0'd]
 002  01000                  LOAD s0, 00[0'd]            ;Global temporary register
 003  01100                  LOAD s1, 00[0'd]            ;temporary counter
 004                         ;--------------
 004                         ;LOOP OPERATION
 004                         ;--------------
 004  09000  loop_operation: INPUT s0, 00[IN_PORT]
 005  1C010                  COMPARE s0, s1
 006  32004                  JUMP Z, 004[loop_operation]
 007  00100                  LOAD s1, s0
 008  2D100                  OUTPUT s1, 00[OUT_PORT]
 009                         ;--------------
 009                         ;END OPERATION(1)
 009                         ;--------------
 009  28001     program_end: ENABLE INTERRUPT
 00A  22004            loop: JUMP 004[loop_operation]    ;
 00B                         ;==================================================
 00B                         ;=================   INTERRUPT   ==================
 00B                         ;==================================================
 2FF                         ADDRESS 2FF
 2FF                    ISR: 
 2FF                         ;INPUT   s2, INT_CMD
 2FF                         ;COMPARE s2, SPEED_LINE_CONFIG
 2FF                         ;JUMP    Z,  spd_line_cfg
 2FF  29001                  RETURNI ENABLE


All unused memory locations contain zero (equivalent to 'LOAD s0, s0')



List of PSM files that have been assembled

C:\Users\JESSE\Desktop\VIVADO_PRO\PICO_CORE\multi_pico_easy_go\multi_pico_easy_go\PICO_ROM_2.psm



List of defined constants

 CONSTANT name     Value        Source PSM File

 timestamp_hours   14'd         
 timestamp_minutes 38'd         
 timestamp_seconds 25'd         
 datestamp_year    17'd         
 datestamp_month   8'd          
 datestamp_day     21'd         
 NUL               00           
 BEL               07           
 BS                08           
 HT                09           
 LF                0A           
 VT                0B           
 CR                0D           
 ESC               1B           
 DEL               7F           
 DCS               90           
 ST                9C           
 IN_PORT           0'd          PICO_ROM_2.psm
 OUT_PORT          0'd          PICO_ROM_2.psm



No TABLEs defined



List of text strings

 STRING name       String         Source PSM File

 KCPSM6_version$   "v2.70"        
 datestamp$        "21 Aug 2017"  
 timestamp$        "14:38:25"     



List of line labels

   Label            Addr  Source PSM File

 * program_start    000   PICO_ROM_2.psm
   loop_operation   004   PICO_ROM_2.psm
 * program_end      009   PICO_ROM_2.psm
 * loop             00A   PICO_ROM_2.psm
 * ISR              2FF   PICO_ROM_2.psm

      * Line label has not been referenced in any instructions.
        Hint - This may indicate unused code that could be
               removed to reduce the size of this program.



Instruction usage statistics

 Instruction    Instances

 LOAD              5
 STAR              -

 AND               -
 OR                -
 XOR               -

 ADD               -
 ADDCY             -
 SUB               -
 SUBCY             -

 TEST              -
 TESTCY            -
 COMPARE           1
 COMPARECY         -

 SL0               -
 SL1               -
 SLX               -
 SLA               -
 RL                -
 SR0               -
 SR1               -
 SRX               -
 SRA               -
 RR                -

 REGBANK           -

 INPUT             1
 OUTPUT            1
 OUTPUTK           -

 STORE             -
 FETCH             -

 DISABLE           -
 ENABLE            1
 RETURNI           1

 JUMP              2
 JUMP@             -
 CALL              -
 CALL@             -
 RETURN            -
 LOAD&RETURN       -

 HWBUILD           -



End of KCPSM6 log file.
